0 info it worked if it ends with ok
1 verbose cli [ 'C:\\Program Files\\nodejs\\node.exe',
1 verbose cli   'C:\\Users\\SaiRahem\\AppData\\Roaming\\npm\\node_modules\\npm\\bin\\npm-cli.js',
1 verbose cli   'run',
1 verbose cli   'tsc:w' ]
2 info using npm@3.10.5
3 info using node@v6.3.1
4 verbose run-script [ 'pretsc:w', 'tsc:w', 'posttsc:w' ]
5 info lifecycle angular2-quickstart@1.0.0~pretsc:w: angular2-quickstart@1.0.0
6 silly lifecycle angular2-quickstart@1.0.0~pretsc:w: no script for pretsc:w, continuing
7 info lifecycle angular2-quickstart@1.0.0~tsc:w: angular2-quickstart@1.0.0
8 verbose lifecycle angular2-quickstart@1.0.0~tsc:w: unsafe-perm in lifecycle true
9 verbose lifecycle angular2-quickstart@1.0.0~tsc:w: PATH: C:\Users\SaiRahem\AppData\Roaming\npm\node_modules\npm\bin\node-gyp-bin;D:\MyCode\project\kam\SamUI\trunk\SamProject\client\node_modules\.bin;C:\Program Files\nodejs;C:\Users\SaiRahem\AppData\Roaming\npm\node_modules\npm\bin\node-gyp-bin;D:\MyCode\project\kam\SamUI\trunk\SamProject\client\node_modules\.bin;C:\Program Files\nodejs;C:\Users\SaiRahem\AppData\Roaming\npm;C:\Program Files\nodejs\;C:\Program Files (x86)\PC Connectivity Solution\;C:\Program Files\Common Files\Microsoft Shared\Windows Live;C:\Program Files (x86)\Common Files\Microsoft Shared\Windows Live;c:\Program Files (x86)\AMD APP\bin\x86_64;c:\Program Files (x86)\AMD APP\bin\x86;c:\Program Files (x86)\Intel\iCLS Client\;c:\Program Files\Intel\iCLS Client\;C:\Windows\system32;C:\Windows;C:\Windows\System32\Wbem;C:\Windows\System32\WindowsPowerShell\v1.0\;C:\Program Files\Intel\WiFi\bin\;C:\Program Files\Common Files\Intel\WirelessCommon\;c:\Program Files (x86)\ATI Technologies\ATI.ACE\Core-Static;C:\Program Files (x86)\Windows Live\Shared;C:\Program Files (x86)\Microsoft SQL Server\100\Tools\Binn\;C:\Program Files\Microsoft SQL Server\100\Tools\Binn\;C:\Program Files\Microsoft SQL Server\100\DTS\Binn\;C:\Program Files (x86)\Microsoft SQL Server\100\Tools\Binn\VSShell\Common7\IDE\;C:\Program Files (x86)\Microsoft SQL Server\100\DTS\Binn\;C:\Program Files (x86)\Microsoft ASP.NET\ASP.NET Web Pages\v1.0\;C:\Program Files\TortoiseSVN\bin\;C:\git-tfs;C:\Program Files\TortoiseSVN\bin;C:\Program Files (x86)\Windows Kits\8.0\Windows Performance Toolkit\;C:\Program Files\Microsoft SQL Server\110\Tools\Binn\;C:\Program Files (x86)\Java\jdk1.6.0_03\;C:\Program Files\nodejs\node_modules\npm\bin;C:\Program Files\Microsoft\Web Platform Installer\;C:\Program Files (x86)\Java\jdk1.6.0_03\bin;C:\mySoft\tomcat\bin;C:\mySoft\apache-maven-3.0.4\bin;C:\Users\SaiRahem\AppData\Roaming\npm;C:\Program Files (x86)\Git\bin;C:\Program Files (x86)\Microsoft SDKs\TypeScript\1.0;C:\Program Files (x86)\VisualSVN Server\bin;C:\mySoft\play-2.2.6\;C:\Program Files (x86)\sbt\\bin;C:\mySoft\apache-maven-3.0.4\bin;C:\mySoft\play-2.2.6;C:\mySoft\gradle-2.8\bin;C:\mySoft\tomcat\bin;C:\mySoft\artifactory-3.4.1\bin;C:\mySoft\tomcat\bin;C:\Users\SaiRahem\.dnx\bin;C:\Program Files\Microsoft DNX\Dnvm\;C:\Program Files (x86)\Skype\Phone\;C:\Users\SaiRahem\AppData\Roaming\npm;C:\Program Files\nodejs;C:\Program Files\nodejs;
10 verbose lifecycle angular2-quickstart@1.0.0~tsc:w: CWD: D:\MyCode\project\kam\SamUI\trunk\SamProject\client
11 silly lifecycle angular2-quickstart@1.0.0~tsc:w: Args: [ '/d /s /c', 'tsc -w' ]
12 silly lifecycle angular2-quickstart@1.0.0~tsc:w: Returned: code: 3221225786  signal: null
13 info lifecycle angular2-quickstart@1.0.0~tsc:w: Failed to exec tsc:w script
14 verbose stack Error: angular2-quickstart@1.0.0 tsc:w: `tsc -w`
14 verbose stack Exit status 3221225786
14 verbose stack     at EventEmitter.<anonymous> (C:\Users\SaiRahem\AppData\Roaming\npm\node_modules\npm\lib\utils\lifecycle.js:242:16)
14 verbose stack     at emitTwo (events.js:106:13)
14 verbose stack     at EventEmitter.emit (events.js:191:7)
14 verbose stack     at ChildProcess.<anonymous> (C:\Users\SaiRahem\AppData\Roaming\npm\node_modules\npm\lib\utils\spawn.js:40:14)
14 verbose stack     at emitTwo (events.js:106:13)
14 verbose stack     at ChildProcess.emit (events.js:191:7)
14 verbose stack     at maybeClose (internal/child_process.js:852:16)
14 verbose stack     at Process.ChildProcess._handle.onexit (internal/child_process.js:215:5)
15 verbose pkgid angular2-quickstart@1.0.0
16 verbose cwd D:\MyCode\project\kam\SamUI\trunk\SamProject\client
17 error Windows_NT 6.1.7601
18 error argv "C:\\Program Files\\nodejs\\node.exe" "C:\\Users\\SaiRahem\\AppData\\Roaming\\npm\\node_modules\\npm\\bin\\npm-cli.js" "run" "tsc:w"
19 error node v6.3.1
20 error npm  v3.10.5
21 error code ELIFECYCLE
22 error angular2-quickstart@1.0.0 tsc:w: `tsc -w`
22 error Exit status 3221225786
23 error Failed at the angular2-quickstart@1.0.0 tsc:w script 'tsc -w'.
23 error Make sure you have the latest version of node.js and npm installed.
23 error If you do, this is most likely a problem with the angular2-quickstart package,
23 error not with npm itself.
23 error Tell the author that this fails on your system:
23 error     tsc -w
23 error You can get information on how to open an issue for this project with:
23 error     npm bugs angular2-quickstart
23 error Or if that isn't available, you can get their info via:
23 error     npm owner ls angular2-quickstart
23 error There is likely additional logging output above.
24 verbose exit [ 1, true ]
